<?xml version="1.0" encoding="UTF-8"?>
<!-- Generated by org.testng.reporters.JUnitReportReporter -->
<testsuite skipped="0" hostname="9854551s-MacBook-Pro.local" name="TC001_GET_Request" tests="1" failures="0" timestamp="2020-08-26T21:27:44 BST" time="3.840" errors="0">
  <testcase name="getMapDetails" time="3.840" classname="TC001_GET_Request"/>
  <system-out/>
</testsuite> <!-- TC001_GET_Request -->
