<?xml version="1.0" encoding="UTF-8"?>
<!-- Generated by org.testng.reporters.JUnitReportReporter -->
<testsuite skipped="0" hostname="9854551s-MacBook-Pro.local" name="Rahul_Add_Update_GetPlace" tests="1" failures="0" timestamp="2020-08-26T23:23:21 BST" time="7.249" errors="0">
  <testcase name="E2ETest" time="7.249" classname="Rahul_Add_Update_GetPlace"/>
  <system-out/>
</testsuite> <!-- Rahul_Add_Update_GetPlace -->
