<?xml version="1.0" encoding="UTF-8"?>
<!-- Generated by org.testng.reporters.JUnitReportReporter -->
<testsuite skipped="0" hostname="9854551s-MacBook-Pro.local" name="test01" tests="1" failures="0" timestamp="2020-08-26T21:30:41 BST" time="2.137" errors="0">
  <testcase name="testmap" time="2.137" classname="test01"/>
  <system-out/>
</testsuite> <!-- test01 -->
