<?xml version="1.0" encoding="UTF-8"?>
<!-- Generated by org.testng.reporters.JUnitReportReporter -->
<testsuite skipped="0" hostname="9854551s-MacBook-Pro.local" name="Files.DynamicJson" tests="1" failures="0" timestamp="2020-08-30T22:29:24 BST" time="2.011" errors="0">
  <testcase name="addBook" time="2.011" classname="Files.DynamicJson"/>
  <system-out/>
</testsuite> <!-- Files.DynamicJson -->
