<?xml version="1.0" encoding="UTF-8"?>
<!-- Generated by org.testng.reporters.JUnitReportReporter -->
<testsuite skipped="0" hostname="9854551s-MacBook-Pro.local" name="Rahul_Basics" tests="1" failures="0" timestamp="2020-08-26T21:59:25 BST" time="2.158" errors="0">
  <testcase name="AddGoogleMap" time="2.158" classname="Rahul_Basics"/>
  <system-out/>
</testsuite> <!-- Rahul_Basics -->
