<?xml version="1.0" encoding="UTF-8"?>
<!-- Generated by org.testng.reporters.JUnitReportReporter -->
<testsuite skipped="0" hostname="9854551s-MacBook-Pro.local" name="ComplexJsonParse" tests="1" failures="0" timestamp="2020-08-28T22:21:06 BST" time="1.120" errors="0">
  <testcase name="MockAPIParse" time="1.120" classname="ComplexJsonParse"/>
  <system-out/>
</testsuite> <!-- ComplexJsonParse -->
